#
# A fatal error has been detected by the Java Runtime Environment:
#
#  EXCEPTION_ACCESS_VIOLATION (0xc0000005) at pc=0x00000007aac44cb8, pid=5384, tid=5832
#
# JRE version: 6.0_38-b05
# Java VM: Java HotSpot(TM) 64-Bit Server VM (20.13-b02 mixed mode windows-amd64 compressed oops)
# Problematic frame:
# C  0x00000007aac44cb8
#
# If you would like to submit a bug report, please visit:
#   http://java.sun.com/webapps/bugreport/crash.jsp
# The crash happened outside the Java Virtual Machine in native code.
# See problematic frame for where to report the bug.
#

---------------  T H R E A D  ---------------

Current thread (0x00000000075b1800):  JavaThread "LWJGL Application" [_thread_in_native, id=5832, stack(0x00000000088d0000,0x00000000089d0000)]

siginfo: ExceptionCode=0xc0000005, ExceptionInformation=0x0000000000000008 0x00000007aac44cb8

Registers:
RAX=0x00000007aac44cb8, RBX=0x00000006fb86d5f8, RCX=0x000000000d15d660, RDX=0x00000000089cf4e8
RSP=0x00000000089cf438, RBP=0x00000000089cf4b8, RSI=0x000000000000000a, RDI=0x00000000021c5b22
R8 =0x000000000d15d660, R9 =0x00000000000000cb, R10=0x00000000021d1359, R11=0x000000006da134d0
R12=0x0000000000000000, R13=0x00000006fb86d5f8, R14=0x00000000089cf4e8, R15=0x00000000075b1800
RIP=0x00000007aac44cb8, EFLAGS=0x0000000000010206

Top of Stack: (sp=0x00000000089cf438)
0x00000000089cf438:   00000000021d1386 00000006fba61770
0x00000000089cf448:   0000000000000000 00000006fba5c2c0
0x00000000089cf458:   0000000000000000 00000000089cf4a8
0x00000000089cf468:   00000000089cf4f0 00000000021c5b22
0x00000000089cf478:   00000000089cf478 0000000000000000
0x00000000089cf488:   00000000089cf4e8 00000006fb90f830
0x00000000089cf498:   0000000000000000 00000006fb86d5f8
0x00000000089cf4a8:   0000000000000000 00000000089cf4d8
0x00000000089cf4b8:   00000000089cf530 00000000021c5b22
0x00000000089cf4c8:   0000000000000000 00000000021ce358
0x00000000089cf4d8:   000000000d15d660 00000007abc21c00
0x00000000089cf4e8:   00000007abc21b18 00000000089cf4f0
0x00000000089cf4f8:   00000006fb86d50d 00000000089cf540
0x00000000089cf508:   00000006fb90f830 0000000000000000
0x00000000089cf518:   00000006fb86d528 00000000089cf4d8
0x00000000089cf528:   00000000089cf540 00000000089cf588 

Instructions: (pc=0x00000007aac44cb8)
0x00000007aac44c98:   01 00 00 00 00 00 00 00 49 80 65 df 5d e1 67 88
0x00000007aac44ca8:   10 eb 68 df 78 89 58 f5 00 00 00 00 00 00 00 00
0x00000007aac44cb8:   01 40 d9 67 7d 00 00 00 ed 6b 64 df 00 00 00 00
0x00000007aac44cc8:   95 87 58 f5 39 5c 58 f5 9e 89 58 f5 99 87 58 f5 


Register to memory mapping:

RAX=0x00000007aac44cb8 is an oop
java.security.ProtectionDomain 
 - klass: 'java/security/ProtectionDomain'
RBX=0x00000006fb86d5f8 is an oop
{method} 
 - klass: {other class}
RCX=0x000000000d15d660 is an unknown value
RDX=0x00000000089cf4e8 is pointing into the stack for thread: 0x00000000075b1800
RSP=0x00000000089cf438 is pointing into the stack for thread: 0x00000000075b1800
RBP=0x00000000089cf4b8 is pointing into the stack for thread: 0x00000000075b1800
RSI=0x000000000000000a is an unknown value
RDI=0x00000000021c5b22 is an Interpreter codelet
return entry points  [0x00000000021c51e0, 0x00000000021c67a0]  5568 bytes
R8 =0x000000000d15d660 is an unknown value
R9 =0x00000000000000cb is an unknown value
R10=0x00000000021d1359 is an Interpreter codelet
method entry point (kind = native)  [0x00000000021d10e0, 0x00000000021d1960]  2176 bytes
R11=0x000000006da134d0 is an unknown value
R12=0x0000000000000000 is an unknown value
R13=0x00000006fb86d5f8 is an oop
{method} 
 - klass: {other class}
R14=0x00000000089cf4e8 is pointing into the stack for thread: 0x00000000075b1800
R15=0x00000000075b1800 is a thread


Stack: [0x00000000088d0000,0x00000000089d0000],  sp=0x00000000089cf438,  free space=1021k
Native frames: (J=compiled Java code, j=interpreted, Vv=VM code, C=native code)
C  0x00000007aac44cb8
j  com.badlogic.gdx.physics.box2d.Shape.dispose()V+5
j  com.recursiveanomaly.ld27.components.BodyComponent.<init>(Lcom/esotericsoftware/spine/Skeleton;Ljava/lang/String;Lcom/artemis/Entity;Lcom/badlogic/gdx/physics/box2d/World;Lbox2dLight/RayHandler;FLcom/badlogic/gdx/physics/box2d/BodyDef$BodyType;I)V+454
j  com.recursiveanomaly.ld27.entities.PlayerEntity.AddToWorld(Lcom/recursiveanomaly/ld27/map/BaseLevel;)V+246
j  com.recursiveanomaly.ld27.map.BaseLevel.Create()V+1253
j  com.recursiveanomaly.ld27.screens.GameScreen.SetLevel(Lcom/recursiveanomaly/ld27/map/BaseLevel;)V+9
j  com.recursiveanomaly.ld27.screens.GameScreen.<init>(Lcom/recursiveanomaly/ld27/LD27Game;Lcom/recursiveanomaly/ld27/map/GameSettings;)V+61
j  com.recursiveanomaly.ld27.screens.MainMenuScreen.render(F)V+97
j  com.badlogic.gdx.Game.render()V+19
j  com.badlogic.gdx.backends.lwjgl.LwjglApplication.mainLoop()V+720
j  com.badlogic.gdx.backends.lwjgl.LwjglApplication$1.run()V+27
v  ~StubRoutines::call_stub
V  [jvm.dll+0x1eacc7]

Java frames: (J=compiled Java code, j=interpreted, Vv=VM code)
j  com.badlogic.gdx.physics.box2d.Shape.jniDispose(J)V+0
j  com.badlogic.gdx.physics.box2d.Shape.dispose()V+5
j  com.recursiveanomaly.ld27.components.BodyComponent.<init>(Lcom/esotericsoftware/spine/Skeleton;Ljava/lang/String;Lcom/artemis/Entity;Lcom/badlogic/gdx/physics/box2d/World;Lbox2dLight/RayHandler;FLcom/badlogic/gdx/physics/box2d/BodyDef$BodyType;I)V+454
j  com.recursiveanomaly.ld27.entities.PlayerEntity.AddToWorld(Lcom/recursiveanomaly/ld27/map/BaseLevel;)V+246
j  com.recursiveanomaly.ld27.map.BaseLevel.Create()V+1253
j  com.recursiveanomaly.ld27.screens.GameScreen.SetLevel(Lcom/recursiveanomaly/ld27/map/BaseLevel;)V+9
j  com.recursiveanomaly.ld27.screens.GameScreen.<init>(Lcom/recursiveanomaly/ld27/LD27Game;Lcom/recursiveanomaly/ld27/map/GameSettings;)V+61
j  com.recursiveanomaly.ld27.screens.MainMenuScreen.render(F)V+97
j  com.badlogic.gdx.Game.render()V+19
j  com.badlogic.gdx.backends.lwjgl.LwjglApplication.mainLoop()V+720
j  com.badlogic.gdx.backends.lwjgl.LwjglApplication$1.run()V+27
v  ~StubRoutines::call_stub

---------------  P R O C E S S  ---------------

Java Threads: ( => current thread )
  0x0000000007ce9800 JavaThread "LWJGL Timer" daemon [_thread_blocked, id=4388, stack(0x000000000cd00000,0x000000000ce00000)]
  0x000000000055c800 JavaThread "DestroyJavaVM" [_thread_blocked, id=4192, stack(0x0000000001c80000,0x0000000001d80000)]
=>0x00000000075b1800 JavaThread "LWJGL Application" [_thread_in_native, id=5832, stack(0x00000000088d0000,0x00000000089d0000)]
  0x00000000021b2000 JavaThread "Low Memory Detector" daemon [_thread_blocked, id=4708, stack(0x0000000007aa0000,0x0000000007ba0000)]
  0x00000000021ad000 JavaThread "C2 CompilerThread1" daemon [_thread_in_native, id=6776, stack(0x00000000079a0000,0x0000000007aa0000)]
  0x00000000021a7000 JavaThread "C2 CompilerThread0" daemon [_thread_blocked, id=6780, stack(0x00000000078a0000,0x00000000079a0000)]
  0x00000000021a5800 JavaThread "Attach Listener" daemon [_thread_blocked, id=6584, stack(0x00000000077a0000,0x00000000078a0000)]
  0x00000000021a0800 JavaThread "Signal Dispatcher" daemon [_thread_blocked, id=3652, stack(0x00000000076a0000,0x00000000077a0000)]
  0x0000000002187800 JavaThread "Finalizer" daemon [_thread_blocked, id=3432, stack(0x00000000073a0000,0x00000000074a0000)]
  0x0000000002186800 JavaThread "Reference Handler" daemon [_thread_blocked, id=6536, stack(0x00000000072a0000,0x00000000073a0000)]

Other Threads:
  0x000000000217e800 VMThread [stack: 0x00000000071a0000,0x00000000072a0000] [id=4648]
  0x00000000021bd800 WatcherThread [stack: 0x0000000007ba0000,0x0000000007ca0000] [id=1884]

VM state:not at safepoint (normal execution)

VM Mutex/Monitor currently owned by a thread: None

Heap
 PSYoungGen      total 76352K, used 17049K [0x00000007aac00000, 0x00000007b0130000, 0x0000000800000000)
  eden space 65472K, 26% used [0x00000007aac00000,0x00000007abca6658,0x00000007aebf0000)
  from space 10880K, 0% used [0x00000007af690000,0x00000007af690000,0x00000007b0130000)
  to   space 10880K, 0% used [0x00000007aebf0000,0x00000007aebf0000,0x00000007af690000)
 PSOldGen        total 174592K, used 0K [0x0000000700400000, 0x000000070ae80000, 0x00000007aac00000)
  object space 174592K, 0% used [0x0000000700400000,0x0000000700400000,0x000000070ae80000)
 PSPermGen       total 21248K, used 8595K [0x00000006fb200000, 0x00000006fc6c0000, 0x0000000700400000)
  object space 21248K, 40% used [0x00000006fb200000,0x00000006fba64f80,0x00000006fc6c0000)

Code Cache  [0x00000000021c0000, 0x0000000002430000, 0x00000000051c0000)
 total_blobs=480 nmethods=83 adapters=351 free_code_cache=49678592 largest_free_block=18368

Dynamic libraries:
0x0000000000400000 - 0x000000000042f000 	C:\Program Files\Java\jre6\bin\javaw.exe
0x000007fefae80000 - 0x000007fefb040000 	C:\Windows\SYSTEM32\ntdll.dll
0x000007fefa510000 - 0x000007fefa646000 	C:\Windows\system32\KERNEL32.DLL
0x000007fef8120000 - 0x000007fef8213000 	C:\Windows\system32\KERNELBASE.dll
0x000007fef84f0000 - 0x000007fef85ce000 	C:\Windows\system32\ADVAPI32.dll
0x000007fef85d0000 - 0x000007fef871c000 	C:\Windows\system32\USER32.dll
0x000007fef8430000 - 0x000007fef84d5000 	C:\Windows\system32\msvcrt.dll
0x000007fef89b0000 - 0x000007fef89f8000 	C:\Windows\SYSTEM32\sechost.dll
0x000007fef8a10000 - 0x000007fef8b55000 	C:\Windows\system32\RPCRT4.dll
0x000007fefa650000 - 0x000007fefa791000 	C:\Windows\system32\GDI32.dll
0x000007fefab90000 - 0x000007fefabc9000 	C:\Windows\system32\IMM32.DLL
0x000007fefac80000 - 0x000007fefad95000 	C:\Windows\system32\MSCTF.dll
0x000000006d810000 - 0x000000006dfcb000 	C:\Program Files\Java\jre6\bin\server\jvm.dll
0x000007fef0fb0000 - 0x000007fef0fd0000 	C:\Windows\SYSTEM32\WINMM.dll
0x000007fef0f70000 - 0x000007fef0fa2000 	C:\Windows\SYSTEM32\WINMMBASE.dll
0x000000006d780000 - 0x000000006d78e000 	C:\Program Files\Java\jre6\bin\verify.dll
0x000000006d3b0000 - 0x000000006d3d7000 	C:\Program Files\Java\jre6\bin\java.dll
0x000000006d7d0000 - 0x000000006d7e2000 	C:\Program Files\Java\jre6\bin\zip.dll
0x0000000065580000 - 0x0000000065610000 	C:\Users\Thomas\AppData\Local\Temp\libgdxThomas\e41bd824\gdx64.dll
0x0000000180000000 - 0x0000000180050000 	C:\Users\Thomas\AppData\Local\Temp\libgdxThomas\4c88a7c1\lwjgl64.dll
0x000007fef00e0000 - 0x000007fef01ff000 	C:\Windows\SYSTEM32\OPENGL32.dll
0x000007fef36c0000 - 0x000007fef36c9000 	C:\Windows\SYSTEM32\VERSION.dll
0x000007fef5660000 - 0x000007fef58ca000 	C:\Windows\WinSxS\amd64_microsoft.windows.common-controls_6595b64144ccf1df_6.0.9200.16579_none_418ab7ef718b27ef\COMCTL32.dll
0x000007fef0400000 - 0x000007fef042c000 	C:\Windows\SYSTEM32\GLU32.dll
0x000007feefff0000 - 0x000007fef00da000 	C:\Windows\SYSTEM32\DDRAW.dll
0x000007fef2b00000 - 0x000007fef2b08000 	C:\Windows\SYSTEM32\DCIMAN32.dll
0x0000000008170000 - 0x00000000081d4000 	C:\Users\Thomas\AppData\Local\Temp\libgdxThomas\4c88a7c1\OpenAL64.dll
0x000007fef9230000 - 0x000007fefa510000 	C:\Windows\system32\SHELL32.dll
0x000007fef8ed0000 - 0x000007fef904e000 	C:\Windows\system32\ole32.dll
0x000007fef8b60000 - 0x000007fef8d10000 	C:\Windows\SYSTEM32\combase.dll
0x000007fefa910000 - 0x000007fefa960000 	C:\Windows\system32\SHLWAPI.dll
0x000007fef61f0000 - 0x000007fef6286000 	C:\Windows\SYSTEM32\SHCORE.dll
0x000007fef7c50000 - 0x000007fef7c5a000 	C:\Windows\SYSTEM32\CRYPTBASE.dll
0x000007fef7bf0000 - 0x000007fef7c4c000 	C:\Windows\SYSTEM32\bcryptPrimitives.dll
0x000007fef6bc0000 - 0x000007fef6ca6000 	C:\Windows\system32\uxtheme.dll
0x000007fef37f0000 - 0x000007fef3885000 	C:\Program Files\Common Files\microsoft shared\ink\tiptsf.dll
0x000007fefa7a0000 - 0x000007fefa863000 	C:\Windows\system32\OLEAUT32.dll
0x000007fefa870000 - 0x000007fefa906000 	C:\Windows\SYSTEM32\clbcatq.dll
0x000007feeff60000 - 0x000007feeffeb000 	C:\Windows\SYSTEM32\dsound.dll
0x000007fef7370000 - 0x000007fef73b3000 	C:\Windows\SYSTEM32\POWRPROF.dll
0x000007fef5b30000 - 0x000007fef5b92000 	C:\Windows\System32\MMDevApi.dll
0x000007fef8040000 - 0x000007fef8062000 	C:\Windows\system32\DEVOBJ.dll
0x000007fef8220000 - 0x000007fef826f000 	C:\Windows\SYSTEM32\cfgmgr32.dll
0x000007feeb5d0000 - 0x000007feeb642000 	C:\Windows\SYSTEM32\AUDIOSES.DLL
0x000007fef6000000 - 0x000007fef6021000 	C:\Windows\SYSTEM32\dwmapi.dll
0x000007fef03f0000 - 0x000007fef03f9000 	C:\Windows\SYSTEM32\atig6pxx.dll
0x0000000076860000 - 0x0000000077ffa000 	C:\Windows\SYSTEM32\atio6axx.dll
0x000007fef9050000 - 0x000007fef9220000 	C:\Windows\system32\SETUPAPI.dll
0x000007fef51d0000 - 0x000007fef527a000 	C:\Windows\SYSTEM32\atiadlxx.dll
0x000007fef5000000 - 0x000007fef515a000 	C:\Windows\SYSTEM32\PROPSYS.dll
0x000007fef76b0000 - 0x000007fef76cf000 	C:\Windows\SYSTEM32\USERENV.dll
0x000007fef74c0000 - 0x000007fef74d1000 	C:\Windows\SYSTEM32\WTSAPI32.dll
0x000007fef9220000 - 0x000007fef9227000 	C:\Windows\system32\PSAPI.DLL
0x000007fefada0000 - 0x000007fefadf8000 	C:\Windows\system32\WS2_32.dll
0x000007fef4fd0000 - 0x000007fef4ffa000 	C:\Windows\SYSTEM32\IPHLPAPI.DLL
0x000007fef7d30000 - 0x000007fef7d45000 	C:\Windows\SYSTEM32\profapi.dll
0x000007fef8a00000 - 0x000007fef8a09000 	C:\Windows\system32\NSI.dll
0x000007fef4fc0000 - 0x000007fef4fca000 	C:\Windows\SYSTEM32\WINNSI.DLL
0x000007fef7fe0000 - 0x000007fef8035000 	C:\Windows\system32\WINTRUST.dll
0x000007fef7e00000 - 0x000007fef7fd1000 	C:\Windows\system32\CRYPT32.dll
0x000007fef7de0000 - 0x000007fef7df6000 	C:\Windows\system32\MSASN1.dll
0x000007fef36d0000 - 0x000007fef37ec000 	C:\Windows\SYSTEM32\aticfx64.dll
0x000007fef03e0000 - 0x000007fef03ef000 	C:\Windows\SYSTEM32\atig6txx.dll
0x000007fef4bd0000 - 0x000007fef4c39000 	C:\Windows\SYSTEM32\oleacc.dll
0x000007feefec0000 - 0x000007feeff51000 	C:\Windows\SYSTEM32\mscms.dll
0x000007feefe80000 - 0x000007feefec0000 	C:\Windows\SYSTEM32\icm32.dll
0x000007fef7690000 - 0x000007fef76aa000 	C:\Windows\SYSTEM32\CRYPTSP.dll
0x000007fef70e0000 - 0x000007fef712b000 	C:\Windows\system32\rsaenh.dll
0x000000006d610000 - 0x000000006d627000 	C:\Program Files\Java\jre6\bin\net.dll
0x000007fef7630000 - 0x000007fef768c000 	C:\Windows\system32\mswsock.dll
0x000007feed550000 - 0x000007feed564000 	C:\Windows\system32\napinsp.dll
0x000007feed570000 - 0x000007feed588000 	C:\Windows\system32\pnrpnsp.dll
0x000007fef62b0000 - 0x000007fef62c6000 	C:\Windows\system32\NLAapi.dll
0x000007fef7400000 - 0x000007fef7498000 	C:\Windows\SYSTEM32\DNSAPI.dll
0x000007feed590000 - 0x000007feed5a2000 	C:\Windows\System32\winrnr.dll
0x000007feed5b0000 - 0x000007feed5c4000 	C:\Windows\system32\wshbth.dll
0x0000000050a60000 - 0x0000000050a86000 	C:\Program Files\Bonjour\mdnsNSP.dll
0x000007feef580000 - 0x000007feef588000 	C:\Windows\System32\rasadhlp.dll
0x000007fef1ee0000 - 0x000007fef1f3f000 	C:\Windows\System32\fwpuclnt.dll

VM Arguments:
jvm_args: -Dfile.encoding=Cp1252 
java_command: com.recursiveanomaly.ld27.Main
Launcher Type: SUN_STANDARD

Environment Variables:
CLASSPATH=.;C:\Program Files (x86)\Java\jre7\lib\ext\QTJava.zip
PATH=C:\Program Files (x86)\Xuggle\bin;C:\Program Files (x86)\NVIDIA Corporation\PhysX\Common;C:\Windows\system32;C:\Windows;C:\Windows\System32\Wbem;C:\Windows\System32\WindowsPowerShell\v1.0\;C:\Program Files\Microsoft\Web Platform Installer\;C:\Program Files (x86)\Microsoft ASP.NET\ASP.NET Web Pages\v1.0\;C:\Program Files (x86)\Windows Kits\8.0\Windows Performance Toolkit\;C:\Program Files\Microsoft SQL Server\110\Tools\Binn\;c:\Program Files (x86)\Microsoft SQL Server\100\Tools\Binn\;c:\Program Files\Microsoft SQL Server\100\Tools\Binn\;c:\Program Files\Microsoft SQL Server\100\DTS\Binn\;C:\Program Files (x86)\Autodesk\Backburner\;C:\Program Files (x86)\Common Files\Autodesk Shared\;C:\Program Files\Common Files\Autodesk Shared\;C:/python27;C:\Program Files (x86)\MiKTeX 2.9\miktex\bin\;C:\Program Files (x86)\CMake 2.8\bin;C:\Program Files (x86)\Windows Live\Shared;C:\Program Files\TortoiseSVN\bin;C:\Program Files (x86)\VisualSVN Server\bin;C:\Program Files\Java\jdk1.6.0_38\bin;C:\Program Files (x86)\QuickTime\QTSystem\
USERNAME=Thomas
OS=Windows_NT
PROCESSOR_IDENTIFIER=Intel64 Family 6 Model 42 Stepping 7, GenuineIntel



---------------  S Y S T E M  ---------------

OS: Windows 8 , 64 bit Build 9200 

CPU:total 8 (4 cores per cpu, 2 threads per core) family 6 model 42 stepping 7, cmov, cx8, fxsr, mmx, sse, sse2, sse3, ssse3, sse4.1, sse4.2, popcnt, ht

Memory: 4k page, physical 16753404k(13067560k free), swap 19112700k(14290344k free)

vm_info: Java HotSpot(TM) 64-Bit Server VM (20.13-b02) for windows-amd64 JRE (1.6.0_38-b05), built on Nov 14 2012 00:54:08 by "java_re" with MS VC++ 8.0 (VS2005)

time: Sat Aug 24 21:52:15 2013
elapsed time: 0 seconds

